app/build/intermediates/manifest_merge_blame_file/debug/processDebugMainManifest/manifest-merger-blame-debug-report.txt
1<?xml version="1.0" encoding="utf-8"?>
2<manifest xmlns:android="http://schemas.android.com/apk/res/android"
3    package="com.example.weatherapp"
4    android:versionCode="1"
5    android:versionName="1.0" >
6
7    <uses-sdk
7-->INJECTED
8        android:minSdkVersion="24"
8-->INJECTED
9        android:targetSdkVersion="37" />
9-->INJECTED
10
11    <uses-permission android:name="android.permission.INTERNET" />
11-->src\main\AndroidManifest.xml:4:5-67
11-->src\main\AndroidManifest.xml:4:22-64
12    <uses-permission android:name="android.permission.ACCESS_NETWORK_STATE" />
12-->src\main\AndroidManifest.xml:5:5-79
12-->src\main\AndroidManifest.xml:5:22-76
13    <uses-permission android:name="android.permission.ACCESS_FINE_LOCATION" />
13-->src\main\AndroidManifest.xml:6:5-79
13-->src\main\AndroidManifest.xml:6:22-76
14    <uses-permission android:name="android.permission.ACCESS_COARSE_LOCATION" />
14-->src\main\AndroidManifest.xml:7:5-81
14-->src\main\AndroidManifest.xml:7:22-78
15    <uses-permission android:name="android.permission.POST_NOTIFICATIONS" />
15-->src\main\AndroidManifest.xml:8:5-77
15-->src\main\AndroidManifest.xml:8:22-74
16    <uses-permission android:name="android.permission.RECEIVE_BOOT_COMPLETED" />
16-->src\main\AndroidManifest.xml:9:5-81
16-->src\main\AndroidManifest.xml:9:22-78
17    <uses-permission android:name="android.permission.WAKE_LOCK" />
17-->[androidx.work:work-runtime:2.11.2] AndroidManifest.xml:23:5-68
17-->[androidx.work:work-runtime:2.11.2] AndroidManifest.xml:23:22-65
18    <uses-permission android:name="android.permission.FOREGROUND_SERVICE" />
18-->[androidx.work:work-runtime:2.11.2] AndroidManifest.xml:26:5-77
18-->[androidx.work:work-runtime:2.11.2] AndroidManifest.xml:26:22-74
19
20    <permission
20-->[androidx.core:core:1.19.0] AndroidManifest.xml:22:5-24:47
21        android:name="com.example.weatherapp.DYNAMIC_RECEIVER_NOT_EXPORTED_PERMISSION"
21-->[androidx.core:core:1.19.0] AndroidManifest.xml:23:9-81
22        android:protectionLevel="signature" />
22-->[androidx.core:core:1.19.0] AndroidManifest.xml:24:9-44
23
24    <uses-permission android:name="com.example.weatherapp.DYNAMIC_RECEIVER_NOT_EXPORTED_PERMISSION" />
24-->[androidx.core:core:1.19.0] AndroidManifest.xml:26:5-97
24-->[androidx.core:core:1.19.0] AndroidManifest.xml:26:22-94
25
26    <application
26-->src\main\AndroidManifest.xml:11:5-29:19
27        android:name="com.example.weatherapp.WeatherApplication"
27-->src\main\AndroidManifest.xml:12:9-43
28        android:allowBackup="true"
28-->src\main\AndroidManifest.xml:13:9-35
29        android:appComponentFactory="androidx.core.app.CoreComponentFactory"
29-->[androidx.core:core:1.19.0] AndroidManifest.xml:28:18-86
30        android:debuggable="true"
31        android:extractNativeLibs="false"
31-->INJECTED
32        android:icon="@mipmap/ic_launcher"
32-->src\main\AndroidManifest.xml:14:9-43
33        android:label="Weather Forecast"
33-->src\main\AndroidManifest.xml:15:9-41
34        android:roundIcon="@mipmap/ic_launcher_round"
34-->src\main\AndroidManifest.xml:16:9-54
35        android:supportsRtl="true"
35-->src\main\AndroidManifest.xml:17:9-35
36        android:testOnly="true"
37        android:theme="@style/Theme.WeatherApp" >
37-->src\main\AndroidManifest.xml:18:9-48
38        <activity
38-->src\main\AndroidManifest.xml:20:9-28:20
39            android:name="com.example.weatherapp.MainActivity"
39-->src\main\AndroidManifest.xml:21:13-41
40            android:exported="true"
40-->src\main\AndroidManifest.xml:22:13-36
41            android:theme="@style/Theme.WeatherApp" >
41-->src\main\AndroidManifest.xml:23:13-52
42            <intent-filter>
42-->src\main\AndroidManifest.xml:24:13-27:29
43                <action android:name="android.intent.action.MAIN" />
43-->src\main\AndroidManifest.xml:25:17-69
43-->src\main\AndroidManifest.xml:25:25-66
44
45                <category android:name="android.intent.category.LAUNCHER" />
45-->src\main\AndroidManifest.xml:26:17-77
45-->src\main\AndroidManifest.xml:26:27-74
46            </intent-filter>
47        </activity>
48
49        <provider
49-->[androidx.work:work-runtime:2.11.2] AndroidManifest.xml:29:9-37:20
50            android:name="androidx.startup.InitializationProvider"
50-->[androidx.work:work-runtime:2.11.2] AndroidManifest.xml:30:13-67
51            android:authorities="com.example.weatherapp.androidx-startup"
51-->[androidx.work:work-runtime:2.11.2] AndroidManifest.xml:31:13-68
52            android:exported="false" >
52-->[androidx.work:work-runtime:2.11.2] AndroidManifest.xml:32:13-37
53            <meta-data
53-->[androidx.work:work-runtime:2.11.2] AndroidManifest.xml:34:13-36:52
54                android:name="androidx.work.WorkManagerInitializer"
54-->[androidx.work:work-runtime:2.11.2] AndroidManifest.xml:35:17-68
55                android:value="androidx.startup" />
55-->[androidx.work:work-runtime:2.11.2] AndroidManifest.xml:36:17-49
56            <meta-data
56-->[androidx.emoji2:emoji2:1.4.0] AndroidManifest.xml:29:13-31:52
57                android:name="androidx.emoji2.text.EmojiCompatInitializer"
57-->[androidx.emoji2:emoji2:1.4.0] AndroidManifest.xml:30:17-75
58                android:value="androidx.startup" />
58-->[androidx.emoji2:emoji2:1.4.0] AndroidManifest.xml:31:17-49
59            <meta-data
59-->[androidx.lifecycle:lifecycle-process:2.11.0] AndroidManifest.xml:29:13-31:52
60                android:name="androidx.lifecycle.ProcessLifecycleInitializer"
60-->[androidx.lifecycle:lifecycle-process:2.11.0] AndroidManifest.xml:30:17-78
61                android:value="androidx.startup" />
61-->[androidx.lifecycle:lifecycle-process:2.11.0] AndroidManifest.xml:31:17-49
62            <meta-data
62-->[com.squareup.okhttp3:okhttp-android:5.4.0] AndroidManifest.xml:16:13-18:52
63                android:name="okhttp3.internal.platform.PlatformInitializer"
63-->[com.squareup.okhttp3:okhttp-android:5.4.0] AndroidManifest.xml:17:17-77
64                android:value="androidx.startup" />
64-->[com.squareup.okhttp3:okhttp-android:5.4.0] AndroidManifest.xml:18:17-49
65            <meta-data
65-->[androidx.profileinstaller:profileinstaller:1.4.0] AndroidManifest.xml:29:13-31:52
66                android:name="androidx.profileinstaller.ProfileInstallerInitializer"
66-->[androidx.profileinstaller:profileinstaller:1.4.0] AndroidManifest.xml:30:17-85
67                android:value="androidx.startup" />
67-->[androidx.profileinstaller:profileinstaller:1.4.0] AndroidManifest.xml:31:17-49
68        </provider>
69
70        <service
70-->[androidx.work:work-runtime:2.11.2] AndroidManifest.xml:39:9-45:35
71            android:name="androidx.work.impl.background.systemjob.SystemJobService"
71-->[androidx.work:work-runtime:2.11.2] AndroidManifest.xml:40:13-84
72            android:directBootAware="false"
72-->[androidx.work:work-runtime:2.11.2] AndroidManifest.xml:41:13-44
73            android:enabled="@bool/enable_system_job_service_default"
73-->[androidx.work:work-runtime:2.11.2] AndroidManifest.xml:42:13-70
74            android:exported="true"
74-->[androidx.work:work-runtime:2.11.2] AndroidManifest.xml:43:13-36
75            android:permission="android.permission.BIND_JOB_SERVICE" />
75-->[androidx.work:work-runtime:2.11.2] AndroidManifest.xml:44:13-69
76        <service
76-->[androidx.work:work-runtime:2.11.2] AndroidManifest.xml:46:9-52:35
77            android:name="androidx.work.impl.foreground.SystemForegroundService"
77-->[androidx.work:work-runtime:2.11.2] AndroidManifest.xml:47:13-81
78            android:directBootAware="false"
78-->[androidx.work:work-runtime:2.11.2] AndroidManifest.xml:48:13-44
79            android:enabled="@bool/enable_system_foreground_service_default"
79-->[androidx.work:work-runtime:2.11.2] AndroidManifest.xml:49:13-77
80            android:exported="false" />
80-->[androidx.work:work-runtime:2.11.2] AndroidManifest.xml:50:13-37
81
82        <receiver
82-->[androidx.work:work-runtime:2.11.2] AndroidManifest.xml:54:9-59:35
83            android:name="androidx.work.impl.utils.ForceStopRunnable$BroadcastReceiver"
83-->[androidx.work:work-runtime:2.11.2] AndroidManifest.xml:55:13-88
84            android:directBootAware="false"
84-->[androidx.work:work-runtime:2.11.2] AndroidManifest.xml:56:13-44
85            android:enabled="true"
85-->[androidx.work:work-runtime:2.11.2] AndroidManifest.xml:57:13-35
86            android:exported="false" />
86-->[androidx.work:work-runtime:2.11.2] AndroidManifest.xml:58:13-37
87        <receiver
87-->[androidx.work:work-runtime:2.11.2] AndroidManifest.xml:60:9-69:20
88            android:name="androidx.work.impl.background.systemalarm.RescheduleReceiver"
88-->[androidx.work:work-runtime:2.11.2] AndroidManifest.xml:61:13-88
89            android:directBootAware="false"
89-->[androidx.work:work-runtime:2.11.2] AndroidManifest.xml:62:13-44
90            android:enabled="false"
90-->[androidx.work:work-runtime:2.11.2] AndroidManifest.xml:63:13-36
91            android:exported="false" >
91-->[androidx.work:work-runtime:2.11.2] AndroidManifest.xml:64:13-37
92            <intent-filter>
92-->[androidx.work:work-runtime:2.11.2] AndroidManifest.xml:66:13-68:29
93                <action android:name="android.intent.action.BOOT_COMPLETED" />
93-->[androidx.work:work-runtime:2.11.2] AndroidManifest.xml:67:17-79
93-->[androidx.work:work-runtime:2.11.2] AndroidManifest.xml:67:25-76
94            </intent-filter>
95        </receiver>
96        <receiver
96-->[androidx.work:work-runtime:2.11.2] AndroidManifest.xml:70:9-80:20
97            android:name="androidx.work.impl.diagnostics.DiagnosticsReceiver"
97-->[androidx.work:work-runtime:2.11.2] AndroidManifest.xml:71:13-78
98            android:directBootAware="false"
98-->[androidx.work:work-runtime:2.11.2] AndroidManifest.xml:72:13-44
99            android:enabled="true"
99-->[androidx.work:work-runtime:2.11.2] AndroidManifest.xml:73:13-35
100            android:exported="true"
100-->[androidx.work:work-runtime:2.11.2] AndroidManifest.xml:74:13-36
101            android:permission="android.permission.DUMP" >
101-->[androidx.work:work-runtime:2.11.2] AndroidManifest.xml:75:13-57
102            <intent-filter>
102-->[androidx.work:work-runtime:2.11.2] AndroidManifest.xml:77:13-79:29
103                <action android:name="androidx.work.diagnostics.REQUEST_DIAGNOSTICS" />
103-->[androidx.work:work-runtime:2.11.2] AndroidManifest.xml:78:17-88
103-->[androidx.work:work-runtime:2.11.2] AndroidManifest.xml:78:25-85
104            </intent-filter>
105        </receiver>
106
107        <activity
107-->[androidx.compose.ui:ui-tooling-android:1.11.4] AndroidManifest.xml:23:9-25:39
108            android:name="androidx.compose.ui.tooling.PreviewActivity"
108-->[androidx.compose.ui:ui-tooling-android:1.11.4] AndroidManifest.xml:24:13-71
109            android:exported="true" />
109-->[androidx.compose.ui:ui-tooling-android:1.11.4] AndroidManifest.xml:25:13-36
110
111        <uses-library
111-->[androidx.window:window:1.5.0] AndroidManifest.xml:23:9-25:40
112            android:name="androidx.window.extensions"
112-->[androidx.window:window:1.5.0] AndroidManifest.xml:24:13-54
113            android:required="false" />
113-->[androidx.window:window:1.5.0] AndroidManifest.xml:25:13-37
114        <uses-library
114-->[androidx.window:window:1.5.0] AndroidManifest.xml:26:9-28:40
115            android:name="androidx.window.sidecar"
115-->[androidx.window:window:1.5.0] AndroidManifest.xml:27:13-51
116            android:required="false" />
116-->[androidx.window:window:1.5.0] AndroidManifest.xml:28:13-37
117
118        <activity
118-->[androidx.compose.ui:ui-test-manifest:1.11.4] AndroidManifest.xml:23:9-26:79
119            android:name="androidx.activity.ComponentActivity"
119-->[androidx.compose.ui:ui-test-manifest:1.11.4] AndroidManifest.xml:24:13-63
120            android:exported="true"
120-->[androidx.compose.ui:ui-test-manifest:1.11.4] AndroidManifest.xml:25:13-36
121            android:theme="@android:style/Theme.Material.Light.NoActionBar" />
121-->[androidx.compose.ui:ui-test-manifest:1.11.4] AndroidManifest.xml:26:13-76
122
123        <service
123-->[androidx.room:room-runtime-android:2.8.4] AndroidManifest.xml:24:9-28:63
124            android:name="androidx.room.MultiInstanceInvalidationService"
124-->[androidx.room:room-runtime-android:2.8.4] AndroidManifest.xml:25:13-74
125            android:directBootAware="true"
125-->[androidx.room:room-runtime-android:2.8.4] AndroidManifest.xml:26:13-43
126            android:exported="false" />
126-->[androidx.room:room-runtime-android:2.8.4] AndroidManifest.xml:27:13-37
127
128        <receiver
128-->[androidx.profileinstaller:profileinstaller:1.4.0] AndroidManifest.xml:34:9-52:20
129            android:name="androidx.profileinstaller.ProfileInstallReceiver"
129-->[androidx.profileinstaller:profileinstaller:1.4.0] AndroidManifest.xml:35:13-76
130            android:directBootAware="false"
130-->[androidx.profileinstaller:profileinstaller:1.4.0] AndroidManifest.xml:36:13-44
131            android:enabled="true"
131-->[androidx.profileinstaller:profileinstaller:1.4.0] AndroidManifest.xml:37:13-35
132            android:exported="true"
132-->[androidx.profileinstaller:profileinstaller:1.4.0] AndroidManifest.xml:38:13-36
133            android:permission="android.permission.DUMP" >
133-->[androidx.profileinstaller:profileinstaller:1.4.0] AndroidManifest.xml:39:13-57
134            <intent-filter>
134-->[androidx.profileinstaller:profileinstaller:1.4.0] AndroidManifest.xml:40:13-42:29
135                <action android:name="androidx.profileinstaller.action.INSTALL_PROFILE" />
135-->[androidx.profileinstaller:profileinstaller:1.4.0] AndroidManifest.xml:41:17-91
135-->[androidx.profileinstaller:profileinstaller:1.4.0] AndroidManifest.xml:41:25-88
136            </intent-filter>
137            <intent-filter>
137-->[androidx.profileinstaller:profileinstaller:1.4.0] AndroidManifest.xml:43:13-45:29
138                <action android:name="androidx.profileinstaller.action.SKIP_FILE" />
138-->[androidx.profileinstaller:profileinstaller:1.4.0] AndroidManifest.xml:44:17-85
138-->[androidx.profileinstaller:profileinstaller:1.4.0] AndroidManifest.xml:44:25-82
139            </intent-filter>
140            <intent-filter>
140-->[androidx.profileinstaller:profileinstaller:1.4.0] AndroidManifest.xml:46:13-48:29
141                <action android:name="androidx.profileinstaller.action.SAVE_PROFILE" />
141-->[androidx.profileinstaller:profileinstaller:1.4.0] AndroidManifest.xml:47:17-88
141-->[androidx.profileinstaller:profileinstaller:1.4.0] AndroidManifest.xml:47:25-85
142            </intent-filter>
143            <intent-filter>
143-->[androidx.profileinstaller:profileinstaller:1.4.0] AndroidManifest.xml:49:13-51:29
144                <action android:name="androidx.profileinstaller.action.BENCHMARK_OPERATION" />
144-->[androidx.profileinstaller:profileinstaller:1.4.0] AndroidManifest.xml:50:17-95
144-->[androidx.profileinstaller:profileinstaller:1.4.0] AndroidManifest.xml:50:25-92
145            </intent-filter>
146        </receiver>
147    </application>
148
149</manifest>